0 info it worked if it ends with ok
1 verbose cli [ '/Users/lapier/.nvm/v0.10.33/bin/node',
1 verbose cli   '/Users/lapier/.nvm/v0.10.33/bin/npm',
1 verbose cli   'update' ]
2 info using npm@1.4.28
3 info using node@v0.10.33
4 info outdated updating undefined
5 error Failed to parse json
5 error Unexpected token }
6 error File: /Users/lapier/Sites/sass-watcher/package.json
7 error Failed to parse package.json data.
7 error package.json must be actual JSON, not just JavaScript.
7 error
7 error This is not a bug in npm.
7 error Tell the package author to fix their package.json file. JSON.parse
8 error System Darwin 14.0.0
9 error command "/Users/lapier/.nvm/v0.10.33/bin/node" "/Users/lapier/.nvm/v0.10.33/bin/npm" "update"
10 error cwd /Users/lapier/Sites/sass-watcher
11 error node -v v0.10.33
12 error npm -v 1.4.28
13 error file /Users/lapier/Sites/sass-watcher/package.json
14 error code EJSONPARSE
15 verbose exit [ 1, true ]
